[2020-01-15 10:36:25.109] [exthost] [info] extension host started
[2020-01-15 10:36:26.956] [exthost] [info] extension host started
[2020-01-15 10:36:27.073] [exthost] [info] ExtensionService#_doActivateExtension HookyQR.beautify {"startup":true,"activationEvent":"*"}
[2020-01-15 10:36:27.073] [exthost] [info] ExtensionService#loadCommonJSModule C:\Users\rames\AppData\Local\Angular IDE\plugins\pack.core.win_3.6.0.201910290238\HookyQR.beautify-1.4.11\extension
[2020-01-15 10:36:28.094] [exthost] [info] ExtensionService#_doActivateExtension christian-kohler.path-intellisense {"startup":true,"activationEvent":"*"}
[2020-01-15 10:36:28.094] [exthost] [info] ExtensionService#loadCommonJSModule C:\Users\rames\AppData\Local\Angular IDE\plugins\pack.core.win_3.6.0.201910290238\christian-kohler.path-intellisense-1.4.2\out\src\extension
[2020-01-15 10:36:28.278] [exthost] [info] ExtensionService#_doActivateExtension dbaeumer.vscode-eslint {"startup":true,"activationEvent":"*"}
[2020-01-15 10:36:28.278] [exthost] [info] ExtensionService#loadCommonJSModule C:\Users\rames\AppData\Local\Angular IDE\plugins\pack.core.win_3.6.0.201910290238\dbaeumer.vscode-eslint-1.9.0\client\out\extension
[2020-01-15 10:36:28.534] [exthost] [info] ExtensionService#_doActivateExtension vscode.debug-auto-launch {"startup":true,"activationEvent":"*"}
[2020-01-15 10:36:28.534] [exthost] [info] ExtensionService#loadCommonJSModule c:\Users\rames\AppData\Local\Angular IDE\plugins\com.genuitec.eclipse.code.engine.app.win32.x86_64_3.6.0.201910290238\engine\resources\app\extensions\debug-auto-launch\dist\extension
[2020-01-15 10:36:28.566] [exthost] [info] ExtensionService#_doActivateExtension vscode.emmet {"startup":true,"activationEvent":"*"}
[2020-01-15 10:36:28.566] [exthost] [info] ExtensionService#loadCommonJSModule c:\Users\rames\AppData\Local\Angular IDE\plugins\com.genuitec.eclipse.code.engine.app.win32.x86_64_3.6.0.201910290238\engine\resources\app\extensions\emmet\dist\extension
[2020-01-15 10:36:28.660] [exthost] [info] ExtensionService#_doActivateExtension formulahendry.auto-close-tag {"startup":true,"activationEvent":"*"}
[2020-01-15 10:36:28.660] [exthost] [info] ExtensionService#loadCommonJSModule C:\Users\rames\AppData\Local\Angular IDE\plugins\pack.core.win_3.6.0.201910290238\formulahendry.auto-close-tag-0.5.6\out\src\extension
[2020-01-15 10:36:28.690] [exthost] [info] ExtensionService#_doActivateExtension vscode.grunt {"startup":false,"activationEvent":"onCommand:workbench.action.tasks.runTask"}
[2020-01-15 10:36:28.690] [exthost] [info] ExtensionService#loadCommonJSModule c:\Users\rames\AppData\Local\Angular IDE\plugins\com.genuitec.eclipse.code.engine.app.win32.x86_64_3.6.0.201910290238\engine\resources\app\extensions\grunt\dist\main
[2020-01-15 10:36:28.729] [exthost] [info] ExtensionService#_doActivateExtension vscode.gulp {"startup":false,"activationEvent":"onCommand:workbench.action.tasks.runTask"}
[2020-01-15 10:36:28.729] [exthost] [info] ExtensionService#loadCommonJSModule c:\Users\rames\AppData\Local\Angular IDE\plugins\com.genuitec.eclipse.code.engine.app.win32.x86_64_3.6.0.201910290238\engine\resources\app\extensions\gulp\dist\main
[2020-01-15 10:36:28.776] [exthost] [info] ExtensionService#_doActivateExtension vscode.jake {"startup":false,"activationEvent":"onCommand:workbench.action.tasks.runTask"}
[2020-01-15 10:36:28.776] [exthost] [info] ExtensionService#loadCommonJSModule c:\Users\rames\AppData\Local\Angular IDE\plugins\com.genuitec.eclipse.code.engine.app.win32.x86_64_3.6.0.201910290238\engine\resources\app\extensions\jake\dist\main
[2020-01-15 10:36:28.819] [exthost] [info] ExtensionService#_doActivateExtension vscode.npm {"startup":false,"activationEvent":"onCommand:workbench.action.tasks.runTask"}
[2020-01-15 10:36:28.819] [exthost] [info] ExtensionService#loadCommonJSModule c:\Users\rames\AppData\Local\Angular IDE\plugins\com.genuitec.eclipse.code.engine.app.win32.x86_64_3.6.0.201910290238\engine\resources\app\extensions\npm\dist\main
[2020-01-15 10:36:28.997] [exthost] [info] ExtensionService#_doActivateExtension vscode.typescript-language-features {"startup":false,"activationEvent":"onCommand:workbench.action.tasks.runTask"}
[2020-01-15 10:36:28.997] [exthost] [info] ExtensionService#loadCommonJSModule c:\Users\rames\AppData\Local\Angular IDE\plugins\com.genuitec.eclipse.code.engine.app.win32.x86_64_3.6.0.201910290238\engine\resources\app\extensions\typescript-language-features\dist\extension
[2020-01-15 10:36:29.417] [exthost] [info] ExtensionService#_doActivateExtension vscode.configuration-editing {"startup":false,"activationEvent":"onLanguage:jsonc"}
[2020-01-15 10:36:29.417] [exthost] [info] ExtensionService#loadCommonJSModule c:\Users\rames\AppData\Local\Angular IDE\plugins\com.genuitec.eclipse.code.engine.app.win32.x86_64_3.6.0.201910290238\engine\resources\app\extensions\configuration-editing\dist\extension
[2020-01-15 10:36:29.475] [exthost] [info] ExtensionService#_doActivateExtension vscode.json-language-features {"startup":false,"activationEvent":"onLanguage:jsonc"}
[2020-01-15 10:36:29.475] [exthost] [info] ExtensionService#loadCommonJSModule c:\Users\rames\AppData\Local\Angular IDE\plugins\com.genuitec.eclipse.code.engine.app.win32.x86_64_3.6.0.201910290238\engine\resources\app\extensions\json-language-features\client\dist\jsonMain
[2020-01-15 10:36:29.794] [exthost] [info] eager extensions activated
